[dotenv@17.2.2] injecting env (5) from .env -- tip: ⚙️  override existing env vars with { override: true }
[dotenv@17.2.2] injecting env (0) from .env -- tip: ⚙️  load multiple .env files with { path: ['.env.local', '.env'] }
(node:8336) [MONGODB DRIVER] Warning: useNewUrlParser is a deprecated option: useNewUrlParser has no effect since Node.js Driver version 4.0.0 and will be removed in the next major version
(Use `node --trace-warnings ...` to show where the warning was created)
(node:8336) [MONGODB DRIVER] Warning: useUnifiedTopology is a deprecated option: useUnifiedTopology has no effect since Node.js Driver version 4.0.0 and will be removed in the next major version
🚀 Server running on http://10.24.91.149:3000
✅ MongoDB Connected
✅ MongoDB Connected
[dotenv@17.2.2] injecting env (5) from .env -- tip: 🔐 encrypt with Dotenvx: https://dotenvx.com
[dotenv@17.2.2] injecting env (0) from .env -- tip: 🔐 prevent building .env in docker: https://dotenvx.com/prebuild
(node:2116) [MONGODB DRIVER] Warning: useNewUrlParser is a deprecated option: useNewUrlParser has no effect since Node.js Driver version 4.0.0 and will be removed in the next major version
(Use `node --trace-warnings ...` to show where the warning was created)
(node:2116) [MONGODB DRIVER] Warning: useUnifiedTopology is a deprecated option: useUnifiedTopology has no effect since Node.js Driver version 4.0.0 and will be removed in the next major version
🚀 Server running on http://10.227.213.149:3000
✅ MongoDB Connected
✅ MongoDB Connected
[dotenv@17.2.2] injecting env (5) from .env -- tip: ⚙️  enable debug logging with { debug: true }
[dotenv@17.2.2] injecting env (0) from .env -- tip: ⚙️  enable debug logging with { debug: true }
(node:2443) [MONGODB DRIVER] Warning: useNewUrlParser is a deprecated option: useNewUrlParser has no effect since Node.js Driver version 4.0.0 and will be removed in the next major version
(Use `node --trace-warnings ...` to show where the warning was created)
(node:2443) [MONGODB DRIVER] Warning: useUnifiedTopology is a deprecated option: useUnifiedTopology has no effect since Node.js Driver version 4.0.0 and will be removed in the next major version
🚀 Server running on http://10.252.154.149:3000
✅ MongoDB Connected
✅ MongoDB Connected
Registration route error: AxiosError [AggregateError]: Error
    at AxiosError.from (/home/codeofwar/FinalYearProject/security-dashboard/server/node_modules/axios/dist/node/axios.cjs:905:14)
    at RedirectableRequest.handleRequestError (/home/codeofwar/FinalYearProject/security-dashboard/server/node_modules/axios/dist/node/axios.cjs:3326:25)
    at RedirectableRequest.emit (node:events:524:28)
    at eventHandlers.<computed> (/home/codeofwar/FinalYearProject/security-dashboard/server/node_modules/follow-redirects/index.js:49:24)
    at ClientRequest.emit (node:events:524:28)
    at emitErrorEvent (node:_http_client:101:11)
    at Socket.socketErrorListener (node:_http_client:504:5)
    at Socket.emit (node:events:524:28)
    at emitErrorNT (node:internal/streams/destroy:169:8)
    at emitErrorCloseNT (node:internal/streams/destroy:128:3)
    at Axios.request (/home/codeofwar/FinalYearProject/security-dashboard/server/node_modules/axios/dist/node/axios.cjs:4483:41)
    at process.processTicksAndRejections (node:internal/process/task_queues:95:5)
    at async /home/codeofwar/FinalYearProject/security-dashboard/server/routes/registration.js:42:19 {
  code: 'ECONNREFUSED',
  errors: [
    Error: connect ECONNREFUSED ::1:5001
        at createConnectionError (node:net:1652:14)
        at afterConnectMultiple (node:net:1682:16) {
      errno: -111,
      code: 'ECONNREFUSED',
      syscall: 'connect',
      address: '::1',
      port: 5001
    },
    Error: connect ECONNREFUSED 127.0.0.1:5001
        at createConnectionError (node:net:1652:14)
        at afterConnectMultiple (node:net:1682:16) {
      errno: -111,
      code: 'ECONNREFUSED',
      syscall: 'connect',
      address: '127.0.0.1',
      port: 5001
    }
  ],
  config: {
    transitional: {
      silentJSONParsing: true,
      forcedJSONParsing: true,
      clarifyTimeoutError: false
    },
    adapter: [ 'xhr', 'http', 'fetch' ],
    transformRequest: [ [Function: transformRequest] ],
    transformResponse: [ [Function: transformResponse] ],
    timeout: 0,
    xsrfCookieName: 'XSRF-TOKEN',
    xsrfHeaderName: 'X-XSRF-TOKEN',
    maxContentLength: -1,
    maxBodyLength: -1,
    env: { FormData: [Function [FormData]], Blob: [class Blob] },
    validateStatus: [Function: validateStatus],
    headers: Object [AxiosHeaders] {
      Accept: 'application/json, text/plain, */*',
      'Content-Type': 'multipart/form-data; boundary=--------------------------aa630a086c569f916823d01e',
      'User-Agent': 'axios/1.12.2',
      'Content-Length': '20895',
      'Accept-Encoding': 'gzip, compress, deflate, br'
    },
    method: 'post',
    url: 'http://localhost:5001/register-face',
    data: FormData {
      _overheadLength: 279,
      _valueLength: 5,
      _valuesToMeasure: [Array],
      writable: false,
      readable: true,
      dataSize: 0,
      maxDataSize: 2097152,
      pauseStreams: true,
      _released: true,
      _streams: [],
      _currentStream: null,
      _insideLoop: false,
      _pendingNext: false,
      _boundary: '--------------------------aa630a086c569f916823d01e',
      _events: [Object: null prototype],
      _eventsCount: 3
    },
    allowAbsoluteUrls: true
  },
  request: <ref *1> Writable {
    _events: {
      close: undefined,
      error: [Function: handleRequestError],
      prefinish: undefined,
      finish: undefined,
      drain: undefined,
      response: [Function: handleResponse],
      socket: [Function: handleRequestSocket]
    },
    _writableState: WritableState {
      highWaterMark: 16384,
      length: 0,
      corked: 0,
      onwrite: [Function: bound onwrite],
      writelen: 0,
      bufferedIndex: 0,
      pendingcb: 0,
      [Symbol(kState)]: 17580812,
      [Symbol(kBufferedValue)]: null
    },
    _maxListeners: undefined,
    _options: {
      maxRedirects: 21,
      maxBodyLength: Infinity,
      protocol: 'http:',
      path: '/register-face',
      method: 'POST',
      headers: [Object: null prototype],
      agents: [Object],
      auth: undefined,
      family: undefined,
      beforeRedirect: [Function: dispatchBeforeRedirect],
      beforeRedirects: [Object],
      hostname: 'localhost',
      port: '5001',
      agent: undefined,
      nativeProtocols: [Object],
      pathname: '/register-face'
    },
    _ended: true,
    _ending: true,
    _redirectCount: 0,
    _redirects: [],
    _requestBodyLength: 20895,
    _requestBodyBuffers: [ [Object], [Object], [Object], [Object], [Object], [Object] ],
    _eventsCount: 3,
    _onNativeResponse: [Function (anonymous)],
    _currentRequest: ClientRequest {
      _events: [Object: null prototype],
      _eventsCount: 7,
      _maxListeners: undefined,
      outputData: [],
      outputSize: 0,
      writable: true,
      destroyed: false,
      _last: false,
      chunkedEncoding: false,
      shouldKeepAlive: true,
      maxRequestsOnConnectionReached: false,
      _defaultKeepAlive: true,
      useChunkedEncodingByDefault: true,
      sendDate: false,
      _removedConnection: false,
      _removedContLen: false,
      _removedTE: false,
      strictContentLength: false,
      _contentLength: 20895,
      _hasBody: true,
      _trailer: '',
      finished: true,
      _headerSent: true,
      _closed: false,
      socket: [Socket],
      _header: 'POST /register-face HTTP/1.1\r\n' +
        'Accept: application/json, text/plain, */*\r\n' +
        'Content-Type: multipart/form-data; boundary=--------------------------aa630a086c569f916823d01e\r\n' +
        'User-Agent: axios/1.12.2\r\n' +
        'Content-Length: 20895\r\n' +
        'Accept-Encoding: gzip, compress, deflate, br\r\n' +
        'Host: localhost:5001\r\n' +
        'Connection: keep-alive\r\n' +
        '\r\n',
      _keepAliveTimeout: 0,
      _onPendingData: [Function: nop],
      agent: [Agent],
      socketPath: undefined,
      method: 'POST',
      maxHeaderSize: undefined,
      insecureHTTPParser: undefined,
      joinDuplicateHeaders: undefined,
      path: '/register-face',
      _ended: false,
      res: null,
      aborted: false,
      timeoutCb: [Function: emitRequestTimeout],
      upgradeOrConnect: false,
      parser: null,
      maxHeadersCount: null,
      reusedSocket: false,
      host: 'localhost',
      protocol: 'http:',
      _redirectable: [Circular *1],
      [Symbol(shapeMode)]: false,
      [Symbol(kCapture)]: false,
      [Symbol(kBytesWritten)]: 0,
      [Symbol(kNeedDrain)]: true,
      [Symbol(corked)]: 0,
      [Symbol(kOutHeaders)]: [Object: null prototype],
      [Symbol(errored)]: null,
      [Symbol(kHighWaterMark)]: 16384,
      [Symbol(kRejectNonStandardBodyWrites)]: false,
      [Symbol(kUniqueHeaders)]: null
    },
    _currentUrl: 'http://localhost:5001/register-face',
    [Symbol(shapeMode)]: true,
    [Symbol(kCapture)]: false
  },
  [cause]: AggregateError [ECONNREFUSED]: 
      at internalConnectMultiple (node:net:1122:18)
      at afterConnectMultiple (node:net:1689:7) {
    code: 'ECONNREFUSED',
    [errors]: [ [Error], [Error] ]
  }
}
Form data requires "python-multipart" to be installed. 
You can install "python-multipart" with: 

pip install python-multipart

[INIT] Loading InsightFace...
Applied providers: ['CPUExecutionProvider'], with options: {'CPUExecutionProvider': {}}
find model: /home/codeofwar/.insightface/models/buffalo_l/1k3d68.onnx landmark_3d_68 ['None', 3, 192, 192] 0.0 1.0
Applied providers: ['CPUExecutionProvider'], with options: {'CPUExecutionProvider': {}}
find model: /home/codeofwar/.insightface/models/buffalo_l/2d106det.onnx landmark_2d_106 ['None', 3, 192, 192] 0.0 1.0
Applied providers: ['CPUExecutionProvider'], with options: {'CPUExecutionProvider': {}}
find model: /home/codeofwar/.insightface/models/buffalo_l/det_10g.onnx detection [1, 3, '?', '?'] 127.5 128.0
Applied providers: ['CPUExecutionProvider'], with options: {'CPUExecutionProvider': {}}
find model: /home/codeofwar/.insightface/models/buffalo_l/genderage.onnx genderage ['None', 3, 96, 96] 0.0 1.0
Applied providers: ['CPUExecutionProvider'], with options: {'CPUExecutionProvider': {}}
find model: /home/codeofwar/.insightface/models/buffalo_l/w600k_r50.onnx recognition ['None', 3, 112, 112] 127.5 127.5
set det-size: (640, 640)
[INIT] Ready.
Traceback (most recent call last):
  File "/home/codeofwar/FinalYearProject/security-dashboard/server/face_service.py", line 20, in <module>
    @app.post("/register-face")
     ^^^^^^^^^^^^^^^^^^^^^^^^^^
  File "/home/codeofwar/Final/lib/python3.11/site-packages/fastapi/routing.py", line 1070, in decorator
    self.add_api_route(
  File "/home/codeofwar/Final/lib/python3.11/site-packages/fastapi/routing.py", line 1009, in add_api_route
    route = route_class(
            ^^^^^^^^^^^^
  File "/home/codeofwar/Final/lib/python3.11/site-packages/fastapi/routing.py", line 630, in __init__
    self.dependant = get_dependant(path=self.path_format, call=self.endpoint)
                     ^^^^^^^^^^^^^^^^^^^^^^^^^^^^^^^^^^^^^^^^^^^^^^^^^^^^^^^^
  File "/home/codeofwar/Final/lib/python3.11/site-packages/fastapi/dependencies/utils.py", line 293, in get_dependant
    param_details = analyze_param(
                    ^^^^^^^^^^^^^^
  File "/home/codeofwar/Final/lib/python3.11/site-packages/fastapi/dependencies/utils.py", line 490, in analyze_param
    ensure_multipart_is_installed()
  File "/home/codeofwar/Final/lib/python3.11/site-packages/fastapi/dependencies/utils.py", line 121, in ensure_multipart_is_installed
    raise RuntimeError(multipart_not_installed_error) from None
RuntimeError: Form data requires "python-multipart" to be installed. 
You can install "python-multipart" with: 

pip install python-multipart

[dotenv@17.2.3] injecting env (5) from .env -- tip: 🛠️  run anywhere with `dotenvx run -- yourcommand`
[dotenv@17.2.3] injecting env (0) from .env -- tip: 👥 sync secrets across teammates & machines: https://dotenvx.com/ops
(node:2606) [MONGODB DRIVER] Warning: useNewUrlParser is a deprecated option: useNewUrlParser has no effect since Node.js Driver version 4.0.0 and will be removed in the next major version
(Use `node --trace-warnings ...` to show where the warning was created)
(node:2606) [MONGODB DRIVER] Warning: useUnifiedTopology is a deprecated option: useUnifiedTopology has no effect since Node.js Driver version 4.0.0 and will be removed in the next major version
🚀 Server running on http://10.252.154.149:3000
✅ MongoDB Connected
✅ MongoDB Connected
Registration route error: AxiosError [AggregateError]: Error
    at AxiosError.from (/home/codeofwar/FinalYearProject/security-dashboard/server/node_modules/axios/dist/node/axios.cjs:905:14)
    at RedirectableRequest.handleRequestError (/home/codeofwar/FinalYearProject/security-dashboard/server/node_modules/axios/dist/node/axios.cjs:3326:25)
    at RedirectableRequest.emit (node:events:524:28)
    at eventHandlers.<computed> (/home/codeofwar/FinalYearProject/security-dashboard/server/node_modules/follow-redirects/index.js:49:24)
    at ClientRequest.emit (node:events:524:28)
    at emitErrorEvent (node:_http_client:101:11)
    at Socket.socketErrorListener (node:_http_client:504:5)
    at Socket.emit (node:events:524:28)
    at emitErrorNT (node:internal/streams/destroy:169:8)
    at emitErrorCloseNT (node:internal/streams/destroy:128:3)
    at Axios.request (/home/codeofwar/FinalYearProject/security-dashboard/server/node_modules/axios/dist/node/axios.cjs:4483:41)
    at process.processTicksAndRejections (node:internal/process/task_queues:95:5)
    at async /home/codeofwar/FinalYearProject/security-dashboard/server/routes/registration.js:42:19 {
  code: 'ECONNREFUSED',
  errors: [
    Error: connect ECONNREFUSED ::1:5001
        at createConnectionError (node:net:1652:14)
        at afterConnectMultiple (node:net:1682:16) {
      errno: -111,
      code: 'ECONNREFUSED',
      syscall: 'connect',
      address: '::1',
      port: 5001
    },
    Error: connect ECONNREFUSED 127.0.0.1:5001
        at createConnectionError (node:net:1652:14)
        at afterConnectMultiple (node:net:1682:16) {
      errno: -111,
      code: 'ECONNREFUSED',
      syscall: 'connect',
      address: '127.0.0.1',
      port: 5001
    }
  ],
  config: {
    transitional: {
      silentJSONParsing: true,
      forcedJSONParsing: true,
      clarifyTimeoutError: false
    },
    adapter: [ 'xhr', 'http', 'fetch' ],
    transformRequest: [ [Function: transformRequest] ],
    transformResponse: [ [Function: transformResponse] ],
    timeout: 0,
    xsrfCookieName: 'XSRF-TOKEN',
    xsrfHeaderName: 'X-XSRF-TOKEN',
    maxContentLength: -1,
    maxBodyLength: -1,
    env: { FormData: [Function [FormData]], Blob: [class Blob] },
    validateStatus: [Function: validateStatus],
    headers: Object [AxiosHeaders] {
      Accept: 'application/json, text/plain, */*',
      'Content-Type': 'multipart/form-data; boundary=--------------------------2e89a9e438e7a2dacb40f9f2',
      'User-Agent': 'axios/1.12.2',
      'Content-Length': '28924',
      'Accept-Encoding': 'gzip, compress, deflate, br'
    },
    method: 'post',
    url: 'http://localhost:5001/register-face',
    data: FormData {
      _overheadLength: 279,
      _valueLength: 3,
      _valuesToMeasure: [Array],
      writable: false,
      readable: true,
      dataSize: 0,
      maxDataSize: 2097152,
      pauseStreams: true,
      _released: true,
      _streams: [],
      _currentStream: null,
      _insideLoop: false,
      _pendingNext: false,
      _boundary: '--------------------------2e89a9e438e7a2dacb40f9f2',
      _events: [Object: null prototype],
      _eventsCount: 3
    },
    allowAbsoluteUrls: true
  },
  request: <ref *1> Writable {
    _events: {
      close: undefined,
      error: [Function: handleRequestError],
      prefinish: undefined,
      finish: undefined,
      drain: undefined,
      response: [Function: handleResponse],
      socket: [Function: handleRequestSocket]
    },
    _writableState: WritableState {
      highWaterMark: 16384,
      length: 0,
      corked: 0,
      onwrite: [Function: bound onwrite],
      writelen: 0,
      bufferedIndex: 0,
      pendingcb: 0,
      [Symbol(kState)]: 17580812,
      [Symbol(kBufferedValue)]: null
    },
    _maxListeners: undefined,
    _options: {
      maxRedirects: 21,
      maxBodyLength: Infinity,
      protocol: 'http:',
      path: '/register-face',
      method: 'POST',
      headers: [Object: null prototype],
      agents: [Object],
      auth: undefined,
      family: undefined,
      beforeRedirect: [Function: dispatchBeforeRedirect],
      beforeRedirects: [Object],
      hostname: 'localhost',
      port: '5001',
      agent: undefined,
      nativeProtocols: [Object],
      pathname: '/register-face'
    },
    _ended: true,
    _ending: true,
    _redirectCount: 0,
    _redirects: [],
    _requestBodyLength: 28924,
    _requestBodyBuffers: [ [Object], [Object], [Object], [Object], [Object], [Object] ],
    _eventsCount: 3,
    _onNativeResponse: [Function (anonymous)],
    _currentRequest: ClientRequest {
      _events: [Object: null prototype],
      _eventsCount: 7,
      _maxListeners: undefined,
      outputData: [],
      outputSize: 0,
      writable: true,
      destroyed: false,
      _last: false,
      chunkedEncoding: false,
      shouldKeepAlive: true,
      maxRequestsOnConnectionReached: false,
      _defaultKeepAlive: true,
      useChunkedEncodingByDefault: true,
      sendDate: false,
      _removedConnection: false,
      _removedContLen: false,
      _removedTE: false,
      strictContentLength: false,
      _contentLength: 28924,
      _hasBody: true,
      _trailer: '',
      finished: true,
      _headerSent: true,
      _closed: false,
      socket: [Socket],
      _header: 'POST /register-face HTTP/1.1\r\n' +
        'Accept: application/json, text/plain, */*\r\n' +
        'Content-Type: multipart/form-data; boundary=--------------------------2e89a9e438e7a2dacb40f9f2\r\n' +
        'User-Agent: axios/1.12.2\r\n' +
        'Content-Length: 28924\r\n' +
        'Accept-Encoding: gzip, compress, deflate, br\r\n' +
        'Host: localhost:5001\r\n' +
        'Connection: keep-alive\r\n' +
        '\r\n',
      _keepAliveTimeout: 0,
      _onPendingData: [Function: nop],
      agent: [Agent],
      socketPath: undefined,
      method: 'POST',
      maxHeaderSize: undefined,
      insecureHTTPParser: undefined,
      joinDuplicateHeaders: undefined,
      path: '/register-face',
      _ended: false,
      res: null,
      aborted: false,
      timeoutCb: [Function: emitRequestTimeout],
      upgradeOrConnect: false,
      parser: null,
      maxHeadersCount: null,
      reusedSocket: false,
      host: 'localhost',
      protocol: 'http:',
      _redirectable: [Circular *1],
      [Symbol(shapeMode)]: false,
      [Symbol(kCapture)]: false,
      [Symbol(kBytesWritten)]: 0,
      [Symbol(kNeedDrain)]: true,
      [Symbol(corked)]: 0,
      [Symbol(kOutHeaders)]: [Object: null prototype],
      [Symbol(errored)]: null,
      [Symbol(kHighWaterMark)]: 16384,
      [Symbol(kRejectNonStandardBodyWrites)]: false,
      [Symbol(kUniqueHeaders)]: null
    },
    _currentUrl: 'http://localhost:5001/register-face',
    [Symbol(shapeMode)]: true,
    [Symbol(kCapture)]: false
  },
  [cause]: AggregateError [ECONNREFUSED]: 
      at internalConnectMultiple (node:net:1122:18)
      at afterConnectMultiple (node:net:1689:7) {
    code: 'ECONNREFUSED',
    [errors]: [ [Error], [Error] ]
  }
}
Registration route error: AxiosError [AggregateError]: Error
    at AxiosError.from (/home/codeofwar/FinalYearProject/security-dashboard/server/node_modules/axios/dist/node/axios.cjs:905:14)
    at RedirectableRequest.handleRequestError (/home/codeofwar/FinalYearProject/security-dashboard/server/node_modules/axios/dist/node/axios.cjs:3326:25)
    at RedirectableRequest.emit (node:events:524:28)
    at eventHandlers.<computed> (/home/codeofwar/FinalYearProject/security-dashboard/server/node_modules/follow-redirects/index.js:49:24)
    at ClientRequest.emit (node:events:524:28)
    at emitErrorEvent (node:_http_client:101:11)
    at Socket.socketErrorListener (node:_http_client:504:5)
    at Socket.emit (node:events:524:28)
    at emitErrorNT (node:internal/streams/destroy:169:8)
    at emitErrorCloseNT (node:internal/streams/destroy:128:3)
    at Axios.request (/home/codeofwar/FinalYearProject/security-dashboard/server/node_modules/axios/dist/node/axios.cjs:4483:41)
    at process.processTicksAndRejections (node:internal/process/task_queues:95:5)
    at async /home/codeofwar/FinalYearProject/security-dashboard/server/routes/registration.js:42:19 {
  code: 'ECONNREFUSED',
  errors: [
    Error: connect ECONNREFUSED ::1:5001
        at createConnectionError (node:net:1652:14)
        at afterConnectMultiple (node:net:1682:16) {
      errno: -111,
      code: 'ECONNREFUSED',
      syscall: 'connect',
      address: '::1',
      port: 5001
    },
    Error: connect ECONNREFUSED 127.0.0.1:5001
        at createConnectionError (node:net:1652:14)
        at afterConnectMultiple (node:net:1682:16) {
      errno: -111,
      code: 'ECONNREFUSED',
      syscall: 'connect',
      address: '127.0.0.1',
      port: 5001
    }
  ],
  config: {
    transitional: {
      silentJSONParsing: true,
      forcedJSONParsing: true,
      clarifyTimeoutError: false
    },
    adapter: [ 'xhr', 'http', 'fetch' ],
    transformRequest: [ [Function: transformRequest] ],
    transformResponse: [ [Function: transformResponse] ],
    timeout: 0,
    xsrfCookieName: 'XSRF-TOKEN',
    xsrfHeaderName: 'X-XSRF-TOKEN',
    maxContentLength: -1,
    maxBodyLength: -1,
    env: { FormData: [Function [FormData]], Blob: [class Blob] },
    validateStatus: [Function: validateStatus],
    headers: Object [AxiosHeaders] {
      Accept: 'application/json, text/plain, */*',
      'Content-Type': 'multipart/form-data; boundary=--------------------------77709d1c2f01031959e4b51e',
      'User-Agent': 'axios/1.12.2',
      'Content-Length': '30022',
      'Accept-Encoding': 'gzip, compress, deflate, br'
    },
    method: 'post',
    url: 'http://localhost:5001/register-face',
    data: FormData {
      _overheadLength: 279,
      _valueLength: 10,
      _valuesToMeasure: [Array],
      writable: false,
      readable: true,
      dataSize: 0,
      maxDataSize: 2097152,
      pauseStreams: true,
      _released: true,
      _streams: [],
      _currentStream: null,
      _insideLoop: false,
      _pendingNext: false,
      _boundary: '--------------------------77709d1c2f01031959e4b51e',
      _events: [Object: null prototype],
      _eventsCount: 3
    },
    allowAbsoluteUrls: true
  },
  request: <ref *1> Writable {
    _events: {
      close: undefined,
      error: [Function: handleRequestError],
      prefinish: undefined,
      finish: undefined,
      drain: undefined,
      response: [Function: handleResponse],
      socket: [Function: handleRequestSocket]
    },
    _writableState: WritableState {
      highWaterMark: 16384,
      length: 0,
      corked: 0,
      onwrite: [Function: bound onwrite],
      writelen: 0,
      bufferedIndex: 0,
      pendingcb: 0,
      [Symbol(kState)]: 17580812,
      [Symbol(kBufferedValue)]: null
    },
    _maxListeners: undefined,
    _options: {
      maxRedirects: 21,
      maxBodyLength: Infinity,
      protocol: 'http:',
      path: '/register-face',
      method: 'POST',
      headers: [Object: null prototype],
      agents: [Object],
      auth: undefined,
      family: undefined,
      beforeRedirect: [Function: dispatchBeforeRedirect],
      beforeRedirects: [Object],
      hostname: 'localhost',
      port: '5001',
      agent: undefined,
      nativeProtocols: [Object],
      pathname: '/register-face'
    },
    _ended: true,
    _ending: true,
    _redirectCount: 0,
    _redirects: [],
    _requestBodyLength: 30022,
    _requestBodyBuffers: [ [Object], [Object], [Object], [Object], [Object], [Object] ],
    _eventsCount: 3,
    _onNativeResponse: [Function (anonymous)],
    _currentRequest: ClientRequest {
      _events: [Object: null prototype],
      _eventsCount: 7,
      _maxListeners: undefined,
      outputData: [],
      outputSize: 0,
      writable: true,
      destroyed: false,
      _last: false,
      chunkedEncoding: false,
      shouldKeepAlive: true,
      maxRequestsOnConnectionReached: false,
      _defaultKeepAlive: true,
      useChunkedEncodingByDefault: true,
      sendDate: false,
      _removedConnection: false,
      _removedContLen: false,
      _removedTE: false,
      strictContentLength: false,
      _contentLength: 30022,
      _hasBody: true,
      _trailer: '',
      finished: true,
      _headerSent: true,
      _closed: false,
      socket: [Socket],
      _header: 'POST /register-face HTTP/1.1\r\n' +
        'Accept: application/json, text/plain, */*\r\n' +
        'Content-Type: multipart/form-data; boundary=--------------------------77709d1c2f01031959e4b51e\r\n' +
        'User-Agent: axios/1.12.2\r\n' +
        'Content-Length: 30022\r\n' +
        'Accept-Encoding: gzip, compress, deflate, br\r\n' +
        'Host: localhost:5001\r\n' +
        'Connection: keep-alive\r\n' +
        '\r\n',
      _keepAliveTimeout: 0,
      _onPendingData: [Function: nop],
      agent: [Agent],
      socketPath: undefined,
      method: 'POST',
      maxHeaderSize: undefined,
      insecureHTTPParser: undefined,
      joinDuplicateHeaders: undefined,
      path: '/register-face',
      _ended: false,
      res: null,
      aborted: false,
      timeoutCb: [Function: emitRequestTimeout],
      upgradeOrConnect: false,
      parser: null,
      maxHeadersCount: null,
      reusedSocket: false,
      host: 'localhost',
      protocol: 'http:',
      _redirectable: [Circular *1],
      [Symbol(shapeMode)]: false,
      [Symbol(kCapture)]: false,
      [Symbol(kBytesWritten)]: 0,
      [Symbol(kNeedDrain)]: true,
      [Symbol(corked)]: 0,
      [Symbol(kOutHeaders)]: [Object: null prototype],
      [Symbol(errored)]: null,
      [Symbol(kHighWaterMark)]: 16384,
      [Symbol(kRejectNonStandardBodyWrites)]: false,
      [Symbol(kUniqueHeaders)]: null
    },
    _currentUrl: 'http://localhost:5001/register-face',
    [Symbol(shapeMode)]: true,
    [Symbol(kCapture)]: false
  },
  [cause]: AggregateError [ECONNREFUSED]: 
      at internalConnectMultiple (node:net:1122:18)
      at afterConnectMultiple (node:net:1689:7) {
    code: 'ECONNREFUSED',
    [errors]: [ [Error], [Error] ]
  }
}
[dotenv@17.2.3] injecting env (5) from .env -- tip: 🛠️  run anywhere with `dotenvx run -- yourcommand`
[dotenv@17.2.3] injecting env (0) from .env -- tip: ⚙️  suppress all logs with { quiet: true }
(node:2141) [MONGODB DRIVER] Warning: useNewUrlParser is a deprecated option: useNewUrlParser has no effect since Node.js Driver version 4.0.0 and will be removed in the next major version
(Use `node --trace-warnings ...` to show where the warning was created)
(node:2141) [MONGODB DRIVER] Warning: useUnifiedTopology is a deprecated option: useUnifiedTopology has no effect since Node.js Driver version 4.0.0 and will be removed in the next major version
🚀 Server running on http://10.252.154.149:3000
✅ MongoDB Connected
✅ MongoDB Connected
Registration route error: AxiosError [AggregateError]: Error
    at AxiosError.from (/home/codeofwar/FinalYearProject/security-dashboard/server/node_modules/axios/dist/node/axios.cjs:905:14)
    at RedirectableRequest.handleRequestError (/home/codeofwar/FinalYearProject/security-dashboard/server/node_modules/axios/dist/node/axios.cjs:3326:25)
    at RedirectableRequest.emit (node:events:536:35)
    at eventHandlers.<computed> (/home/codeofwar/FinalYearProject/security-dashboard/server/node_modules/follow-redirects/index.js:49:24)
    at ClientRequest.emit (node:events:524:28)
    at emitErrorEvent (node:_http_client:101:11)
    at Socket.socketErrorListener (node:_http_client:504:5)
    at Socket.emit (node:events:524:28)
    at emitErrorNT (node:internal/streams/destroy:169:8)
    at emitErrorCloseNT (node:internal/streams/destroy:128:3)
    at Axios.request (/home/codeofwar/FinalYearProject/security-dashboard/server/node_modules/axios/dist/node/axios.cjs:4483:41)
    at process.processTicksAndRejections (node:internal/process/task_queues:95:5)
    at async /home/codeofwar/FinalYearProject/security-dashboard/server/routes/registration.js:45:19 {
  code: 'ECONNREFUSED',
  errors: [
    Error: connect ECONNREFUSED ::1:5001
        at createConnectionError (node:net:1652:14)
        at afterConnectMultiple (node:net:1682:16) {
      errno: -111,
      code: 'ECONNREFUSED',
      syscall: 'connect',
      address: '::1',
      port: 5001
    },
    Error: connect ECONNREFUSED 127.0.0.1:5001
        at createConnectionError (node:net:1652:14)
        at afterConnectMultiple (node:net:1682:16) {
      errno: -111,
      code: 'ECONNREFUSED',
      syscall: 'connect',
      address: '127.0.0.1',
      port: 5001
    }
  ],
  config: {
    transitional: {
      silentJSONParsing: true,
      forcedJSONParsing: true,
      clarifyTimeoutError: false
    },
    adapter: [ 'xhr', 'http', 'fetch' ],
    transformRequest: [ [Function: transformRequest] ],
    transformResponse: [ [Function: transformResponse] ],
    timeout: 20000,
    xsrfCookieName: 'XSRF-TOKEN',
    xsrfHeaderName: 'X-XSRF-TOKEN',
    maxContentLength: -1,
    maxBodyLength: Infinity,
    env: { FormData: [Function [FormData]], Blob: [class Blob] },
    validateStatus: [Function: validateStatus],
    headers: Object [AxiosHeaders] {
      Accept: 'application/json, text/plain, */*',
      'Content-Type': 'multipart/form-data; boundary=--------------------------4b406bd7597be8f9b1ecd6a3',
      'User-Agent': 'axios/1.12.2',
      'Content-Length': '30114',
      'Accept-Encoding': 'gzip, compress, deflate, br'
    },
    method: 'post',
    url: 'http://localhost:5001/register-face',
    data: FormData {
      _overheadLength: 279,
      _valueLength: 6,
      _valuesToMeasure: [Array],
      writable: false,
      readable: true,
      dataSize: 0,
      maxDataSize: 2097152,
      pauseStreams: true,
      _released: true,
      _streams: [],
      _currentStream: null,
      _insideLoop: false,
      _pendingNext: false,
      _boundary: '--------------------------4b406bd7597be8f9b1ecd6a3',
      _events: [Object: null prototype],
      _eventsCount: 3
    },
    allowAbsoluteUrls: true
  },
  request: <ref *1> Writable {
    _events: {
      close: undefined,
      error: [Function: handleRequestError],
      prefinish: undefined,
      finish: undefined,
      drain: undefined,
      response: [Function: handleResponse],
      socket: [Array],
      timeout: undefined,
      abort: undefined
    },
    _writableState: WritableState {
      highWaterMark: 16384,
      length: 0,
      corked: 0,
      onwrite: [Function: bound onwrite],
      writelen: 0,
      bufferedIndex: 0,
      pendingcb: 0,
      [Symbol(kState)]: 17580812,
      [Symbol(kBufferedValue)]: null
    },
    _maxListeners: undefined,
    _options: {
      maxRedirects: 21,
      maxBodyLength: Infinity,
      protocol: 'http:',
      path: '/register-face',
      method: 'POST',
      headers: [Object: null prototype],
      agents: [Object],
      auth: undefined,
      family: undefined,
      beforeRedirect: [Function: dispatchBeforeRedirect],
      beforeRedirects: [Object],
      hostname: 'localhost',
      port: '5001',
      agent: undefined,
      nativeProtocols: [Object],
      pathname: '/register-face'
    },
    _ended: true,
    _ending: true,
    _redirectCount: 0,
    _redirects: [],
    _requestBodyLength: 30114,
    _requestBodyBuffers: [ [Object], [Object], [Object], [Object], [Object], [Object] ],
    _eventsCount: 3,
    _onNativeResponse: [Function (anonymous)],
    _currentRequest: ClientRequest {
      _events: [Object: null prototype],
      _eventsCount: 7,
      _maxListeners: undefined,
      outputData: [],
      outputSize: 0,
      writable: true,
      destroyed: false,
      _last: false,
      chunkedEncoding: false,
      shouldKeepAlive: true,
      maxRequestsOnConnectionReached: false,
      _defaultKeepAlive: true,
      useChunkedEncodingByDefault: true,
      sendDate: false,
      _removedConnection: false,
      _removedContLen: false,
      _removedTE: false,
      strictContentLength: false,
      _contentLength: 30114,
      _hasBody: true,
      _trailer: '',
      finished: true,
      _headerSent: true,
      _closed: false,
      socket: [Socket],
      _header: 'POST /register-face HTTP/1.1\r\n' +
        'Accept: application/json, text/plain, */*\r\n' +
        'Content-Type: multipart/form-data; boundary=--------------------------4b406bd7597be8f9b1ecd6a3\r\n' +
        'User-Agent: axios/1.12.2\r\n' +
        'Content-Length: 30114\r\n' +
        'Accept-Encoding: gzip, compress, deflate, br\r\n' +
        'Host: localhost:5001\r\n' +
        'Connection: keep-alive\r\n' +
        '\r\n',
      _keepAliveTimeout: 0,
      _onPendingData: [Function: nop],
      agent: [Agent],
      socketPath: undefined,
      method: 'POST',
      maxHeaderSize: undefined,
      insecureHTTPParser: undefined,
      joinDuplicateHeaders: undefined,
      path: '/register-face',
      _ended: false,
      res: null,
      aborted: false,
      timeoutCb: [Function: emitRequestTimeout],
      upgradeOrConnect: false,
      parser: null,
      maxHeadersCount: null,
      reusedSocket: false,
      host: 'localhost',
      protocol: 'http:',
      _redirectable: [Circular *1],
      [Symbol(shapeMode)]: false,
      [Symbol(kCapture)]: false,
      [Symbol(kBytesWritten)]: 0,
      [Symbol(kNeedDrain)]: true,
      [Symbol(corked)]: 0,
      [Symbol(kOutHeaders)]: [Object: null prototype],
      [Symbol(errored)]: null,
      [Symbol(kHighWaterMark)]: 16384,
      [Symbol(kRejectNonStandardBodyWrites)]: false,
      [Symbol(kUniqueHeaders)]: null
    },
    _currentUrl: 'http://localhost:5001/register-face',
    _timeout: null,
    [Symbol(shapeMode)]: true,
    [Symbol(kCapture)]: false
  },
  [cause]: AggregateError [ECONNREFUSED]: 
      at internalConnectMultiple (node:net:1122:18)
      at afterConnectMultiple (node:net:1689:7) {
    code: 'ECONNREFUSED',
    [errors]: [ [Error], [Error] ]
  }
}
[dotenv@17.2.3] injecting env (5) from .env -- tip: 🔐 prevent building .env in docker: https://dotenvx.com/prebuild
[dotenv@17.2.3] injecting env (0) from .env -- tip: 📡 add observability to secrets: https://dotenvx.com/ops
(node:2140) [MONGODB DRIVER] Warning: useNewUrlParser is a deprecated option: useNewUrlParser has no effect since Node.js Driver version 4.0.0 and will be removed in the next major version
(Use `node --trace-warnings ...` to show where the warning was created)
(node:2140) [MONGODB DRIVER] Warning: useUnifiedTopology is a deprecated option: useUnifiedTopology has no effect since Node.js Driver version 4.0.0 and will be removed in the next major version
🚀 Server running on http://10.252.154.149:3000
✅ MongoDB Connected
✅ MongoDB Connected
[dotenv@17.2.3] injecting env (5) from .env -- tip: ⚙️  suppress all logs with { quiet: true }
[dotenv@17.2.3] injecting env (0) from .env -- tip: 🔐 prevent building .env in docker: https://dotenvx.com/prebuild
(node:2143) [MONGODB DRIVER] Warning: useNewUrlParser is a deprecated option: useNewUrlParser has no effect since Node.js Driver version 4.0.0 and will be removed in the next major version
(Use `node --trace-warnings ...` to show where the warning was created)
(node:2143) [MONGODB DRIVER] Warning: useUnifiedTopology is a deprecated option: useUnifiedTopology has no effect since Node.js Driver version 4.0.0 and will be removed in the next major version
🚀 Server running on http://10.252.154.149:3000
✅ MongoDB Connected
✅ MongoDB Connected
[dotenv@17.2.3] injecting env (5) from .env -- tip: 🛠️  run anywhere with `dotenvx run -- yourcommand`
[dotenv@17.2.3] injecting env (5) from .env -- tip: 📡 add observability to secrets: https://dotenvx.com/ops
[dotenv@17.2.3] injecting env (0) from .env -- tip: ⚙️  write to custom object with { processEnv: myObject }
(node:2218) [MONGODB DRIVER] Warning: useNewUrlParser is a deprecated option: useNewUrlParser has no effect since Node.js Driver version 4.0.0 and will be removed in the next major version
(Use `node --trace-warnings ...` to show where the warning was created)
(node:2218) [MONGODB DRIVER] Warning: useUnifiedTopology is a deprecated option: useUnifiedTopology has no effect since Node.js Driver version 4.0.0 and will be removed in the next major version
🚀 Server running on http://10.252.154.149:3000
✅ MongoDB Connected
✅ MongoDB Connected
[dotenv@17.2.3] injecting env (5) from .env -- tip: 📡 add observability to secrets: https://dotenvx.com/ops
[dotenv@17.2.3] injecting env (0) from .env -- tip: 🔄 add secrets lifecycle management: https://dotenvx.com/ops
(node:2528) [MONGODB DRIVER] Warning: useNewUrlParser is a deprecated option: useNewUrlParser has no effect since Node.js Driver version 4.0.0 and will be removed in the next major version
(Use `node --trace-warnings ...` to show where the warning was created)
(node:2528) [MONGODB DRIVER] Warning: useUnifiedTopology is a deprecated option: useUnifiedTopology has no effect since Node.js Driver version 4.0.0 and will be removed in the next major version
node:events:502
      throw er; // Unhandled 'error' event
      ^

Error: listen EADDRINUSE: address already in use 0.0.0.0:3000
    at Server.setupListenHandle [as _listen2] (node:net:1908:16)
    at listenInCluster (node:net:1965:12)
    at doListen (node:net:2139:7)
    at process.processTicksAndRejections (node:internal/process/task_queues:83:21)
Emitted 'error' event on WebSocketServer instance at:
    at Server.emit (node:events:524:28)
    at emitErrorNT (node:net:1944:8)
    at process.processTicksAndRejections (node:internal/process/task_queues:82:21) {
  code: 'EADDRINUSE',
  errno: -98,
  syscall: 'listen',
  address: '0.0.0.0',
  port: 3000
}

Node.js v20.19.5
[dotenv@17.2.3] injecting env (5) from .env -- tip: ⚙️  suppress all logs with { quiet: true }
[dotenv@17.2.3] injecting env (0) from .env -- tip: ⚙️  specify custom .env file path with { path: '/custom/path/.env' }
(node:2608) [MONGODB DRIVER] Warning: useNewUrlParser is a deprecated option: useNewUrlParser has no effect since Node.js Driver version 4.0.0 and will be removed in the next major version
(Use `node --trace-warnings ...` to show where the warning was created)
(node:2608) [MONGODB DRIVER] Warning: useUnifiedTopology is a deprecated option: useUnifiedTopology has no effect since Node.js Driver version 4.0.0 and will be removed in the next major version
node:events:502
      throw er; // Unhandled 'error' event
      ^

Error: listen EADDRINUSE: address already in use 0.0.0.0:3000
    at Server.setupListenHandle [as _listen2] (node:net:1908:16)
    at listenInCluster (node:net:1965:12)
    at doListen (node:net:2139:7)
    at process.processTicksAndRejections (node:internal/process/task_queues:83:21)
Emitted 'error' event on WebSocketServer instance at:
    at Server.emit (node:events:524:28)
    at emitErrorNT (node:net:1944:8)
    at process.processTicksAndRejections (node:internal/process/task_queues:82:21) {
  code: 'EADDRINUSE',
  errno: -98,
  syscall: 'listen',
  address: '0.0.0.0',
  port: 3000
}

Node.js v20.19.5
[dotenv@17.2.3] injecting env (5) from .env -- tip: ⚙️  specify custom .env file path with { path: '/custom/path/.env' }
[dotenv@17.2.3] injecting env (0) from .env -- tip: 🔐 prevent building .env in docker: https://dotenvx.com/prebuild
(node:3520) [MONGODB DRIVER] Warning: useNewUrlParser is a deprecated option: useNewUrlParser has no effect since Node.js Driver version 4.0.0 and will be removed in the next major version
(Use `node --trace-warnings ...` to show where the warning was created)
(node:3520) [MONGODB DRIVER] Warning: useUnifiedTopology is a deprecated option: useUnifiedTopology has no effect since Node.js Driver version 4.0.0 and will be removed in the next major version
node:events:502
      throw er; // Unhandled 'error' event
      ^

Error: listen EADDRINUSE: address already in use 0.0.0.0:3000
    at Server.setupListenHandle [as _listen2] (node:net:1908:16)
    at listenInCluster (node:net:1965:12)
    at doListen (node:net:2139:7)
    at process.processTicksAndRejections (node:internal/process/task_queues:83:21)
Emitted 'error' event on WebSocketServer instance at:
    at Server.emit (node:events:524:28)
    at emitErrorNT (node:net:1944:8)
    at process.processTicksAndRejections (node:internal/process/task_queues:82:21) {
  code: 'EADDRINUSE',
  errno: -98,
  syscall: 'listen',
  address: '0.0.0.0',
  port: 3000
}

Node.js v20.19.5
[dotenv@17.2.3] injecting env (5) from .env -- tip: ⚙️  override existing env vars with { override: true }
[dotenv@17.2.3] injecting env (0) from .env -- tip: 🔐 prevent committing .env to code: https://dotenvx.com/precommit
(node:2167) [MONGODB DRIVER] Warning: useNewUrlParser is a deprecated option: useNewUrlParser has no effect since Node.js Driver version 4.0.0 and will be removed in the next major version
(Use `node --trace-warnings ...` to show where the warning was created)
(node:2167) [MONGODB DRIVER] Warning: useUnifiedTopology is a deprecated option: useUnifiedTopology has no effect since Node.js Driver version 4.0.0 and will be removed in the next major version
🚀 Server running on http://10.252.154.149:3000
✅ MongoDB Connected
✅ MongoDB Connected
[dotenv@17.2.3] injecting env (5) from .env -- tip: ⚙️  specify custom .env file path with { path: '/custom/path/.env' }
[dotenv@17.2.3] injecting env (0) from .env -- tip: ⚙️  suppress all logs with { quiet: true }
(node:2204) [MONGODB DRIVER] Warning: useNewUrlParser is a deprecated option: useNewUrlParser has no effect since Node.js Driver version 4.0.0 and will be removed in the next major version
(Use `node --trace-warnings ...` to show where the warning was created)
(node:2204) [MONGODB DRIVER] Warning: useUnifiedTopology is a deprecated option: useUnifiedTopology has no effect since Node.js Driver version 4.0.0 and will be removed in the next major version
🚀 Server running on http://10.252.154.149:3000
✅ MongoDB Connected
✅ MongoDB Connected
{"event": "init", "message": "UART opened successfully."}
{"event": "init", "message": "Sensor password verified. Sensor is responsive."}
{"event": "error", "message": "Usage: python3 enroll_fingerprint.py <fingerprint_id> <name>", "success": false}
[dotenv@17.2.3] injecting env (5) from .env -- tip: ⚙️  override existing env vars with { override: true }
[dotenv@17.2.3] injecting env (0) from .env -- tip: 🔄 add secrets lifecycle management: https://dotenvx.com/ops
(node:2133) [MONGODB DRIVER] Warning: useNewUrlParser is a deprecated option: useNewUrlParser has no effect since Node.js Driver version 4.0.0 and will be removed in the next major version
(Use `node --trace-warnings ...` to show where the warning was created)
(node:2133) [MONGODB DRIVER] Warning: useUnifiedTopology is a deprecated option: useUnifiedTopology has no effect since Node.js Driver version 4.0.0 and will be removed in the next major version
🚀 Server running on http://10.252.154.149:3000
✅ MongoDB Connected
✅ MongoDB Connected
{"event": "init", "message": "UART opened successfully."}
{"event": "init", "message": "Sensor password verified. Sensor is responsive."}
{"event": "error", "message": "Usage: python3 enroll_fingerprint.py <fingerprint_id> <name>", "success": false}
[dotenv@17.2.3] injecting env (5) from .env -- tip: ⚙️  override existing env vars with { override: true }
[dotenv@17.2.3] injecting env (0) from .env -- tip: ⚙️  enable debug logging with { debug: true }
(node:6951) [MONGODB DRIVER] Warning: useNewUrlParser is a deprecated option: useNewUrlParser has no effect since Node.js Driver version 4.0.0 and will be removed in the next major version
(Use `node --trace-warnings ...` to show where the warning was created)
(node:6951) [MONGODB DRIVER] Warning: useUnifiedTopology is a deprecated option: useUnifiedTopology has no effect since Node.js Driver version 4.0.0 and will be removed in the next major version
🚀 Server running on http://10.252.154.149:3000
✅ MongoDB Connected
✅ MongoDB Connected
[dotenv@17.2.3] injecting env (5) from .env -- tip: ⚙️  suppress all logs with { quiet: true }
[dotenv@17.2.3] injecting env (0) from .env -- tip: 📡 add observability to secrets: https://dotenvx.com/ops
(node:2125) [MONGODB DRIVER] Warning: useNewUrlParser is a deprecated option: useNewUrlParser has no effect since Node.js Driver version 4.0.0 and will be removed in the next major version
(Use `node --trace-warnings ...` to show where the warning was created)
(node:2125) [MONGODB DRIVER] Warning: useUnifiedTopology is a deprecated option: useUnifiedTopology has no effect since Node.js Driver version 4.0.0 and will be removed in the next major version
🚀 Server running on http://10.252.154.149:3000
✅ MongoDB Connected
✅ MongoDB Connected
